Setting CHPL_HOME to /ihome/sam/bmooreii/src/chapel
Setting CHPL_HOST_PLATFORM to linux64
Updating PATH to include /ihome/sam/bmooreii/src/chapel/bin/linux64
                     and /ihome/sam/bmooreii/src/chapel/util
Updating MANPATH to include /ihome/sam/bmooreii/src/chapel/man
Hello, world! (from task 0 of 28 on locale 0 of 2 named opa-n5.sam.pitt.edu)
Hello, world! (from task 1 of 28 on locale 0 of 2 named opa-n5.sam.pitt.edu)
Hello, world! (from task 2 of 28 on locale 0 of 2 named opa-n5.sam.pitt.edu)
Hello, world! (from task 3 of 28 on locale 0 of 2 named opa-n5.sam.pitt.edu)
Hello, world! (from task 4 of 28 on locale 0 of 2 named opa-n5.sam.pitt.edu)
Hello, world! (from task 5 of 28 on locale 0 of 2 named opa-n5.sam.pitt.edu)
Hello, world! (from task 6 of 28 on locale 0 of 2 named opa-n5.sam.pitt.edu)
Hello, world! (from task 7 of 28 on locale 0 of 2 named opa-n5.sam.pitt.edu)
Hello, world! (from task 8 of 28 on locale 0 of 2 named opa-n5.sam.pitt.edu)
Hello, world! (from task 9 of 28 on locale 0 of 2 named opa-n5.sam.pitt.edu)
Hello, world! (from task 10 of 28 on locale 0 of 2 named opa-n5.sam.pitt.edu)
Hello, world! (from task 11 of 28 on locale 0 of 2 named opa-n5.sam.pitt.edu)
Hello, world! (from task 12 of 28 on locale 0 of 2 named opa-n5.sam.pitt.edu)
Hello, world! (from task 13 of 28 on locale 0 of 2 named opa-n5.sam.pitt.edu)
Hello, world! (from task 14 of 28 on locale 0 of 2 named opa-n5.sam.pitt.edu)
Hello, world! (from task 15 of 28 on locale 0 of 2 named opa-n5.sam.pitt.edu)
Hello, world! (from task 16 of 28 on locale 0 of 2 named opa-n5.sam.pitt.edu)
Hello, world! (from task 17 of 28 on locale 0 of 2 named opa-n5.sam.pitt.edu)
Hello, world! (from task 18 of 28 on locale 0 of 2 named opa-n5.sam.pitt.edu)
Hello, world! (from task 19 of 28 on locale 0 of 2 named opa-n5.sam.pitt.edu)
Hello, world! (from task 20 of 28 on locale 0 of 2 named opa-n5.sam.pitt.edu)
Hello, world! (from task 21 of 28 on locale 0 of 2 named opa-n5.sam.pitt.edu)
Hello, world! (from task 22 of 28 on locale 0 of 2 named opa-n5.sam.pitt.edu)
Hello, world! (from task 23 of 28 on locale 0 of 2 named opa-n5.sam.pitt.edu)
Hello, world! (from task 24 of 28 on locale 0 of 2 named opa-n5.sam.pitt.edu)
Hello, world! (from task 25 of 28 on locale 0 of 2 named opa-n5.sam.pitt.edu)
Hello, world! (from task 26 of 28 on locale 0 of 2 named opa-n5.sam.pitt.edu)
Hello, world! (from task 27 of 28 on locale 0 of 2 named opa-n5.sam.pitt.edu)
Hello, world! (from task 0 of 28 on locale 1 of 2 named opa-n6.sam.pitt.edu)
Hello, world! (from task 1 of 28 on locale 1 of 2 named opa-n6.sam.pitt.edu)
Hello, world! (from task 2 of 28 on locale 1 of 2 named opa-n6.sam.pitt.edu)
Hello, world! (from task 3 of 28 on locale 1 of 2 named opa-n6.sam.pitt.edu)
Hello, world! (from task 4 of 28 on locale 1 of 2 named opa-n6.sam.pitt.edu)
Hello, world! (from task 5 of 28 on locale 1 of 2 named opa-n6.sam.pitt.edu)
Hello, world! (from task 6 of 28 on locale 1 of 2 named opa-n6.sam.pitt.edu)
Hello, world! (from task 7 of 28 on locale 1 of 2 named opa-n6.sam.pitt.edu)
Hello, world! (from task 8 of 28 on locale 1 of 2 named opa-n6.sam.pitt.edu)
Hello, world! (from task 9 of 28 on locale 1 of 2 named opa-n6.sam.pitt.edu)
Hello, world! (from task 10 of 28 on locale 1 of 2 named opa-n6.sam.pitt.edu)
Hello, world! (from task 11 of 28 on locale 1 of 2 named opa-n6.sam.pitt.edu)
Hello, world! (from task 12 of 28 on locale 1 of 2 named opa-n6.sam.pitt.edu)
Hello, world! (from task 13 of 28 on locale 1 of 2 named opa-n6.sam.pitt.edu)
Hello, world! (from task 14 of 28 on locale 1 of 2 named opa-n6.sam.pitt.edu)
Hello, world! (from task 15 of 28 on locale 1 of 2 named opa-n6.sam.pitt.edu)
Hello, world! (from task 16 of 28 on locale 1 of 2 named opa-n6.sam.pitt.edu)
Hello, world! (from task 17 of 28 on locale 1 of 2 named opa-n6.sam.pitt.edu)
Hello, world! (from task 18 of 28 on locale 1 of 2 named opa-n6.sam.pitt.edu)
Hello, world! (from task 19 of 28 on locale 1 of 2 named opa-n6.sam.pitt.edu)
Hello, world! (from task 20 of 28 on locale 1 of 2 named opa-n6.sam.pitt.edu)
Hello, world! (from task 21 of 28 on locale 1 of 2 named opa-n6.sam.pitt.edu)
Hello, world! (from task 22 of 28 on locale 1 of 2 named opa-n6.sam.pitt.edu)
Hello, world! (from task 23 of 28 on locale 1 of 2 named opa-n6.sam.pitt.edu)
Hello, world! (from task 24 of 28 on locale 1 of 2 named opa-n6.sam.pitt.edu)
Hello, world! (from task 25 of 28 on locale 1 of 2 named opa-n6.sam.pitt.edu)
Hello, world! (from task 26 of 28 on locale 1 of 2 named opa-n6.sam.pitt.edu)
Hello, world! (from task 27 of 28 on locale 1 of 2 named opa-n6.sam.pitt.edu)
